#
# A fatal error has been detected by the Java Runtime Environment:
#
#  EXCEPTION_ACCESS_VIOLATION (0xc0000005) at pc=0x00007ffc9df2bdf6, pid=12220, tid=1736
#
# JRE version: Java(TM) SE Runtime Environment (17.0.2+8) (build 17.0.2+8-LTS-86)
# Java VM: Java HotSpot(TM) 64-Bit Server VM (17.0.2+8-LTS-86, mixed mode, sharing, tiered, compressed oops, compressed class ptrs, g1 gc, windows-amd64)
# Problematic frame:
# C  [glass.dll+0x1bdf6]
#
# No core dump will be written. Minidumps are not enabled by default on client versions of Windows
#
# If you would like to submit a bug report, please visit:
#   https://bugreport.java.com/bugreport/crash.jsp
# The crash happened outside the Java Virtual Machine in native code.
# See problematic frame for where to report the bug.
#

---------------  S U M M A R Y ------------

Command Line: --module-path=C:\Program Files\Java\javafx-sdk-17.0.2\lib --add-modules=javafx.controls -javaagent:C:\Program Files\JetBrains\IntelliJ IDEA 2022.1\lib\idea_rt.jar=63631:C:\Program Files\JetBrains\IntelliJ IDEA 2022.1\bin -Dfile.encoding=UTF-8 pt.isec.pa.apoio_poe.Main

Host: AMD Ryzen 7 3800X 8-Core Processor             , 16 cores, 31G,  Windows 10 , 64 bit Build 19041 (10.0.19041.1741)
Time: Wed Jun  8 23:43:17 2022 Hora de Verão de GMT elapsed time: 4.649985 seconds (0d 0h 0m 4s)

---------------  T H R E A D  ---------------

Current thread (0x000002124d878700):  JavaThread "JavaFX Application Thread" [_thread_in_native, id=1736, stack(0x00000088b7a00000,0x00000088b7b00000)]

Stack: [0x00000088b7a00000,0x00000088b7b00000],  sp=0x00000088b7afdfa0,  free space=1015k
Native frames: (J=compiled Java code, j=interpreted, Vv=VM code, C=native code)
C  [glass.dll+0x1bdf6]

Java frames: (J=compiled Java code, j=interpreted, Vv=VM code)
j  com.sun.glass.ui.win.WinWindow._close(J)Z+0 javafx.graphics
j  com.sun.glass.ui.Window.close()V+63 javafx.graphics
j  com.sun.glass.ui.win.WinWindow.close()V+8 javafx.graphics
j  com.sun.glass.ui.Application.terminate()V+75 javafx.graphics
j  com.sun.javafx.tk.quantum.QuantumToolkit.lambda$exit$13()Ljava/lang/Object;+5 javafx.graphics
j  com.sun.javafx.tk.quantum.QuantumToolkit$$Lambda$855+0x0000000800e9dc98.get()Ljava/lang/Object;+0 javafx.graphics
j  com.sun.javafx.tk.quantum.QuantumToolkit.runWithRenderLock(Ljava/util/function/Supplier;)Ljava/lang/Object;+7 javafx.graphics
j  com.sun.javafx.tk.quantum.QuantumToolkit.exit()V+26 javafx.graphics
j  com.sun.javafx.application.PlatformImpl.lambda$tkExit$16()V+3 javafx.graphics
j  com.sun.javafx.application.PlatformImpl$$Lambda$854+0x0000000800e9da80.run()V+0 javafx.graphics
j  com.sun.javafx.application.PlatformImpl.lambda$runAndWait$12(Ljava/lang/Runnable;Ljava/util/concurrent/CountDownLatch;)V+1 javafx.graphics
j  com.sun.javafx.application.PlatformImpl$$Lambda$99+0x0000000800c81fe0.run()V+8 javafx.graphics
j  com.sun.javafx.application.PlatformImpl.lambda$runLater$10(Ljava/lang/Runnable;)Ljava/lang/Void;+1 javafx.graphics
j  com.sun.javafx.application.PlatformImpl$$Lambda$101+0x0000000800c83450.run()Ljava/lang/Object;+4 javafx.graphics
J 2705 c1 java.security.AccessController.doPrivileged(Ljava/security/PrivilegedAction;Ljava/security/AccessControlContext;)Ljava/lang/Object; java.base@17.0.2 (17 bytes) @ 0x000002122723fc5c [0x000002122723fa80+0x00000000000001dc]
j  com.sun.javafx.application.PlatformImpl.lambda$runLater$11(Ljava/lang/Runnable;Ljava/security/AccessControlContext;)V+7 javafx.graphics
j  com.sun.javafx.application.PlatformImpl$$Lambda$100+0x0000000800c825f8.run()V+8 javafx.graphics
j  com.sun.glass.ui.InvokeLaterDispatcher$Future.run()V+4 javafx.graphics
v  ~StubRoutines::call_stub
j  com.sun.glass.ui.win.WinApplication._runLoop(Ljava/lang/Runnable;)V+0 javafx.graphics
j  com.sun.glass.ui.win.WinApplication.lambda$runLoop$3(ILjava/lang/Runnable;)V+8 javafx.graphics
j  com.sun.glass.ui.win.WinApplication$$Lambda$89+0x0000000800c30d10.run()V+12 javafx.graphics
j  java.lang.Thread.run()V+11 java.base@17.0.2
v  ~StubRoutines::call_stub

siginfo: EXCEPTION_ACCESS_VIOLATION (0xc0000005), reading address 0x0000000000000130


Register to memory mapping:

RIP=0x00007ffc9df2bdf6 glass.dll
RAX=0x0 is NULL
RBX=0x0 is NULL
RCX=0x0 is NULL
RDX=0x0 is NULL
RSP=0x00000088b7afdfa0 is pointing into the stack for thread: 0x000002124d878700
RBP=0x0 is NULL
RSI=0x0000000000000401 is an unknown value
RDI=0x00000088b7afe300 is pointing into the stack for thread: 0x000002124d878700
R8 =0x00000088b7afe300 is pointing into the stack for thread: 0x000002124d878700
R9 =0x0 is NULL
R10=0x0 is NULL
R11=0x0000000000000246 is an unknown value
R12=0x0 is NULL
R13=0x0000000000000401 is an unknown value
R14=0x0 is NULL
R15=0x0 is NULL


Registers:
RAX=0x0000000000000000, RBX=0x0000000000000000, RCX=0x0000000000000000, RDX=0x0000000000000000
RSP=0x00000088b7afdfa0, RBP=0x0000000000000000, RSI=0x0000000000000401, RDI=0x00000088b7afe300
R8 =0x00000088b7afe300, R9 =0x0000000000000000, R10=0x0000000000000000, R11=0x0000000000000246
R12=0x0000000000000000, R13=0x0000000000000401, R14=0x0000000000000000, R15=0x0000000000000000
RIP=0x00007ffc9df2bdf6, EFLAGS=0x0000000000010206

Top of Stack: (sp=0x00000088b7afdfa0)
0x00000088b7afdfa0:   0000000000000578 00000088b7afdfb0
0x00000088b7afdfb0:   0000000000180016 00007ffc9df375c0
0x00000088b7afdfc0:   00000088b7afe300 00007ffc9df2a871
0x00000088b7afdfd0:   00000088b7afe300 0000000000000401
0x00000088b7afdfe0:   00007ffc9df375c0 000002121d240170
0x00000088b7afdff0:   000002124dbfe180 00007ffc9df1a395
0x00000088b7afe000:   00000088b7afe300 0000000800000001
0x00000088b7afe010:   000002124d87c091 0000000000000000
0x00000088b7afe020:   0000000000000000 00007ffc9df117bb
0x00000088b7afe030:   000002124dbfe180 00000088b7afe300
0x00000088b7afe040:   0000000000000401 0000000002d60ee6
0x00000088b7afe050:   0000000000000000 00007ffcbadee858
0x00000088b7afe060:   0000000000000001 00000088b7afe250
0x00000088b7afe070:   0000000000000000 0000000080000022
0x00000088b7afe080:   0000000000000168 00007ffc9df2cd50
0x00000088b7afe090:   00000000000003d8 000002124c5099d0 

Instructions: (pc=0x00007ffc9df2bdf6)
0x00007ffc9df2bcf6:   85 c0 74 08 48 8b c8 e8 ee 00 00 00 48 c7 05 23
0x00007ffc9df2bd06:   e1 01 00 00 00 00 00 48 83 c4 28 c3 cc cc cc cc
0x00007ffc9df2bd16:   cc cc cc cc cc cc cc cc cc cc 48 89 5c 24 08 57
0x00007ffc9df2bd26:   48 83 ec 30 48 8b fa 48 8b d9 48 39 91 30 01 00
0x00007ffc9df2bd36:   00 0f 84 a5 00 00 00 e8 ae 00 00 00 48 8b 93 30
0x00007ffc9df2bd46:   01 00 00 48 85 d2 75 04 48 8b 53 08 48 89 54 24
0x00007ffc9df2bd56:   20 4c 8b c7 48 85 ff 75 04 4c 8b 43 08 48 8d 0d
0x00007ffc9df2bd66:   b6 e2 00 00 4c 89 44 24 28 e8 bc 78 fe ff 48 8b
0x00007ffc9df2bd76:   4c 24 20 4c 8d 44 24 20 48 8d 15 db f7 ff ff ff
0x00007ffc9df2bd86:   15 05 da 01 00 48 8b 05 6e dd 01 00 48 85 c0 75
0x00007ffc9df2bd96:   04 33 c9 eb 03 8b 48 40 4c 8d 44 24 20 48 8d 15
0x00007ffc9df2bda6:   f6 f7 ff ff ff 15 e8 d9 01 00 48 89 bb 30 01 00
0x00007ffc9df2bdb6:   00 e8 04 38 00 00 4c 8b 05 ed e0 01 00 48 8b c8
0x00007ffc9df2bdc6:   48 8b 93 c0 00 00 00 4c 8b cf e8 db 92 fe ff e8
0x00007ffc9df2bdd6:   e6 37 00 00 48 8b c8 e8 fe 36 00 00 48 8b 5c 24
0x00007ffc9df2bde6:   40 48 83 c4 30 5f c3 cc cc cc 40 57 48 83 ec 20
0x00007ffc9df2bdf6:   48 8b 81 30 01 00 00 48 8b f9 48 85 c0 75 04 48
0x00007ffc9df2be06:   8b 41 08 48 3b 05 20 e0 01 00 75 3b 48 89 5c 24
0x00007ffc9df2be16:   30 e8 a4 37 00 00 4c 8b 05 7d e0 01 00 48 8b c8
0x00007ffc9df2be26:   48 8b 97 c0 00 00 00 48 8b d8 e8 7b 92 fe ff 48
0x00007ffc9df2be36:   8b cb e8 a3 36 00 00 48 8b 5c 24 30 48 c7 05 e3
0x00007ffc9df2be46:   df 01 00 00 00 00 00 48 83 c4 20 5f c3 cc cc cc
0x00007ffc9df2be56:   cc cc cc cc cc cc cc cc cc cc 40 53 48 83 ec 50
0x00007ffc9df2be66:   48 8b 05 5b b3 01 00 48 33 c4 48 89 44 24 40 48
0x00007ffc9df2be76:   8b d9 48 8b 49 08 ff 15 86 d8 01 00 85 c0 0f 85
0x00007ffc9df2be86:   1b 01 00 00 48 8b 4b 08 48 8d 54 24 30 ff 15 af
0x00007ffc9df2be96:   d6 01 00 48 8b 4b 08 48 8d 54 24 20 ff 15 08 d7
0x00007ffc9df2bea6:   01 00 48 8b 4b 08 4c 8d 44 24 20 41 b9 02 00 00
0x00007ffc9df2beb6:   00 33 d2 ff 15 f9 d6 01 00 8b 44 24 24 2b 44 24
0x00007ffc9df2bec6:   34 44 8b 44 24 20 44 2b 44 24 30 8b 54 24 3c 2b
0x00007ffc9df2bed6:   54 24 2c 8b 4c 24 38 2b 4c 24 28 89 83 1c 01 00
0x00007ffc9df2bee6:   00 44 89 83 18 01 00 00 89 93 24 01 00 00 89 8b 


Stack slot to memory mapping:
stack at sp + 0 slots: 0x0000000000000578 is an unknown value
stack at sp + 1 slots: 0x00000088b7afdfb0 is pointing into the stack for thread: 0x000002124d878700
stack at sp + 2 slots: 0x0000000000180016 is an unknown value
stack at sp + 3 slots: 0x00007ffc9df375c0 glass.dll
stack at sp + 4 slots: 0x00000088b7afe300 is pointing into the stack for thread: 0x000002124d878700
stack at sp + 5 slots: 0x00007ffc9df2a871 glass.dll
stack at sp + 6 slots: 0x00000088b7afe300 is pointing into the stack for thread: 0x000002124d878700
stack at sp + 7 slots: 0x0000000000000401 is an unknown value


---------------  P R O C E S S  ---------------

Threads class SMR info:
_java_thread_list=0x000002124e789200, length=25, elements={
0x000002121ed61ea0, 0x000002124bdb9120, 0x000002124bdb9f90, 0x000002124bdcbf50,
0x000002124bdcd920, 0x000002124bdce2d0, 0x000002124c802090, 0x000002124c80fcb0,
0x000002124c8105b0, 0x000002124c81d7e0, 0x000002124bd9da90, 0x000002124c91dce0,
0x000002124c998dc0, 0x000002124c999380, 0x000002124d880700, 0x000002124ca485a0,
0x000002124dc16960, 0x000002124d801300, 0x000002124dea5950, 0x000002124d878700,
0x000002124dfa11e0, 0x000002124f093a60, 0x000002124dd385b0, 0x000002124f696c40,
0x000002124f697660
}

Java Threads: ( => current thread )
  0x000002121ed61ea0 JavaThread "main" [_thread_blocked, id=26464, stack(0x00000088b5a00000,0x00000088b5b00000)]
  0x000002124bdb9120 JavaThread "Reference Handler" daemon [_thread_blocked, id=26568, stack(0x00000088b6100000,0x00000088b6200000)]
  0x000002124bdb9f90 JavaThread "Finalizer" daemon [_thread_blocked, id=316, stack(0x00000088b6200000,0x00000088b6300000)]
  0x000002124bdcbf50 JavaThread "Signal Dispatcher" daemon [_thread_blocked, id=2232, stack(0x00000088b6300000,0x00000088b6400000)]
  0x000002124bdcd920 JavaThread "Attach Listener" daemon [_thread_blocked, id=18644, stack(0x00000088b6400000,0x00000088b6500000)]
  0x000002124bdce2d0 JavaThread "Service Thread" daemon [_thread_blocked, id=22204, stack(0x00000088b6500000,0x00000088b6600000)]
  0x000002124c802090 JavaThread "Monitor Deflation Thread" daemon [_thread_blocked, id=24116, stack(0x00000088b6600000,0x00000088b6700000)]
  0x000002124c80fcb0 JavaThread "C2 CompilerThread0" daemon [_thread_blocked, id=29892, stack(0x00000088b6700000,0x00000088b6800000)]
  0x000002124c8105b0 JavaThread "C1 CompilerThread0" daemon [_thread_blocked, id=9496, stack(0x00000088b6800000,0x00000088b6900000)]
  0x000002124c81d7e0 JavaThread "Sweeper thread" daemon [_thread_blocked, id=30108, stack(0x00000088b6900000,0x00000088b6a00000)]
  0x000002124bd9da90 JavaThread "Common-Cleaner" daemon [_thread_blocked, id=28944, stack(0x00000088b6a00000,0x00000088b6b00000)]
  0x000002124c91dce0 JavaThread "C1 CompilerThread1" daemon [_thread_blocked, id=19588, stack(0x00000088b6b00000,0x00000088b6c00000)]
  0x000002124c998dc0 JavaThread "C1 CompilerThread2" daemon [_thread_blocked, id=30028, stack(0x00000088b6c00000,0x00000088b6d00000)]
  0x000002124c999380 JavaThread "C1 CompilerThread3" daemon [_thread_blocked, id=3420, stack(0x00000088b6d00000,0x00000088b6e00000)]
  0x000002124d880700 JavaThread "Monitor Ctrl-Break" daemon [_thread_in_native, id=25940, stack(0x00000088b7300000,0x00000088b7400000)]
  0x000002124ca485a0 JavaThread "Notification Thread" daemon [_thread_blocked, id=4032, stack(0x00000088b7400000,0x00000088b7500000)]
  0x000002124dc16960 JavaThread "JavaFX-Launcher" [_thread_blocked, id=30576, stack(0x00000088b7600000,0x00000088b7700000)]
  0x000002124d801300 JavaThread "QuantumRenderer-0" daemon [_thread_blocked, id=23920, stack(0x00000088b7700000,0x00000088b7800000)]
  0x000002124dea5950 JavaThread "InvokeLaterDispatcher" daemon [_thread_blocked, id=29292, stack(0x00000088b7900000,0x00000088b7a00000)]
=>0x000002124d878700 JavaThread "JavaFX Application Thread" [_thread_in_native, id=1736, stack(0x00000088b7a00000,0x00000088b7b00000)]
  0x000002124dfa11e0 JavaThread "Thread-2" daemon [_thread_in_native, id=14628, stack(0x00000088b6e00000,0x00000088b6f00000)]
  0x000002124f093a60 JavaThread "Prism Font Disposer" daemon [_thread_blocked, id=4328, stack(0x00000088b8700000,0x00000088b8800000)]
  0x000002124dd385b0 JavaThread "Cleaner-0" daemon [_thread_blocked, id=24904, stack(0x00000088b8c00000,0x00000088b8d00000)]
  0x000002124f696c40 JavaThread "C2 CompilerThread1" daemon [_thread_blocked, id=11644, stack(0x00000088b8800000,0x00000088b8900000)]
  0x000002124f697660 JavaThread "C2 CompilerThread2" daemon [_thread_blocked, id=25624, stack(0x00000088b8900000,0x00000088b8a00000)]

Other Threads:
  0x000002124bdb10e0 VMThread "VM Thread" [stack: 0x00000088b6000000,0x00000088b6100000] [id=18248]
  0x000002121edf7e30 WatcherThread [stack: 0x00000088b7500000,0x00000088b7600000] [id=1876]
  0x000002121edd7750 GCTaskThread "GC Thread#0" [stack: 0x00000088b5b00000,0x00000088b5c00000] [id=2120]
  0x000002124df77180 GCTaskThread "GC Thread#1" [stack: 0x00000088b6f00000,0x00000088b7000000] [id=29824]
  0x000002124dfb71e0 GCTaskThread "GC Thread#2" [stack: 0x00000088b7000000,0x00000088b7100000] [id=7712]
  0x000002124df78900 GCTaskThread "GC Thread#3" [stack: 0x00000088b7100000,0x00000088b7200000] [id=29908]
  0x000002124e198ec0 GCTaskThread "GC Thread#4" [stack: 0x00000088b7200000,0x00000088b7300000] [id=29132]
  0x000002124e199170 GCTaskThread "GC Thread#5" [stack: 0x00000088b7c00000,0x00000088b7d00000] [id=28240]
  0x000002124e1bcd00 GCTaskThread "GC Thread#6" [stack: 0x00000088b7d00000,0x00000088b7e00000] [id=20112]
  0x000002124e1d1580 GCTaskThread "GC Thread#7" [stack: 0x00000088b7e00000,0x00000088b7f00000] [id=2532]
  0x000002124e1d1830 GCTaskThread "GC Thread#8" [stack: 0x00000088b7f00000,0x00000088b8000000] [id=15152]
  0x000002124e1d1ae0 GCTaskThread "GC Thread#9" [stack: 0x00000088b8000000,0x00000088b8100000] [id=8952]
  0x000002124e1d1d90 GCTaskThread "GC Thread#10" [stack: 0x00000088b8100000,0x00000088b8200000] [id=23400]
  0x000002124e1d2040 GCTaskThread "GC Thread#11" [stack: 0x00000088b8200000,0x00000088b8300000] [id=16752]
  0x000002121edeaa40 ConcurrentGCThread "G1 Main Marker" [stack: 0x00000088b5c00000,0x00000088b5d00000] [id=29856]
  0x000002121edebbf0 ConcurrentGCThread "G1 Conc#0" [stack: 0x00000088b5d00000,0x00000088b5e00000] [id=17764]
  0x000002124bc68110 ConcurrentGCThread "G1 Refine#0" [stack: 0x00000088b5e00000,0x00000088b5f00000] [id=22944]
  0x000002124bc68a40 ConcurrentGCThread "G1 Service" [stack: 0x00000088b5f00000,0x00000088b6000000] [id=30668]

Threads with active compile tasks:

VM state: not at safepoint (normal execution)

VM Mutex/Monitor currently owned by a thread: None

Heap address: 0x0000000600c00000, size: 8180 MB, Compressed Oops mode: Zero based, Oop shift amount: 3

CDS archive(s) mapped at: [0x0000000800000000-0x0000000800bc0000-0x0000000800bc0000), size 12320768, SharedBaseAddress: 0x0000000800000000, ArchiveRelocationMode: 0.
Compressed class space mapped at: 0x0000000800c00000-0x0000000840c00000, reserved size: 1073741824
Narrow klass base: 0x0000000800000000, Narrow klass shift: 0, Narrow klass range: 0x100000000

GC Precious Log:
 CPUs: 16 total, 16 available
 Memory: 32713M
 Large Page Support: Disabled
 NUMA Support: Disabled
 Compressed Oops: Enabled (Zero based)
 Heap Region Size: 4M
 Heap Min Capacity: 8M
 Heap Initial Capacity: 512M
 Heap Max Capacity: 8180M
 Pre-touch: Disabled
 Parallel Workers: 13
 Concurrent Workers: 3
 Concurrent Refinement Workers: 13
 Periodic GC: Disabled

Heap:
 garbage-first heap   total 524288K, used 29210K [0x0000000600c00000, 0x0000000800000000)
  region size 4096K, 8 young (32768K), 2 survivors (8192K)
 Metaspace       used 17807K, committed 18112K, reserved 1064960K
  class space    used 2652K, committed 2816K, reserved 1048576K

Heap Regions: E=young(eden), S=young(survivor), O=old, HS=humongous(starts), HC=humongous(continues), CS=collection set, F=free, OA=open archive, CA=closed archive, TAMS=top-at-mark-start (previous, next)
|   0|0x0000000600c00000, 0x0000000600c86800, 0x0000000601000000| 13%| O|  |TAMS 0x0000000600c00000, 0x0000000600c00000| Untracked 
|   1|0x0000000601000000, 0x0000000601000000, 0x0000000601400000|  0%| F|  |TAMS 0x0000000601000000, 0x0000000601000000| Untracked 
|   2|0x0000000601400000, 0x0000000601400000, 0x0000000601800000|  0%| F|  |TAMS 0x0000000601400000, 0x0000000601400000| Untracked 
|   3|0x0000000601800000, 0x0000000601800000, 0x0000000601c00000|  0%| F|  |TAMS 0x0000000601800000, 0x0000000601800000| Untracked 
|   4|0x0000000601c00000, 0x0000000601c00000, 0x0000000602000000|  0%| F|  |TAMS 0x0000000601c00000, 0x0000000601c00000| Untracked 
|   5|0x0000000602000000, 0x0000000602000000, 0x0000000602400000|  0%| F|  |TAMS 0x0000000602000000, 0x0000000602000000| Untracked 
|   6|0x0000000602400000, 0x0000000602400000, 0x0000000602800000|  0%| F|  |TAMS 0x0000000602400000, 0x0000000602400000| Untracked 
|   7|0x0000000602800000, 0x0000000602800000, 0x0000000602c00000|  0%| F|  |TAMS 0x0000000602800000, 0x0000000602800000| Untracked 
|   8|0x0000000602c00000, 0x0000000602c00000, 0x0000000603000000|  0%| F|  |TAMS 0x0000000602c00000, 0x0000000602c00000| Untracked 
|   9|0x0000000603000000, 0x0000000603000000, 0x0000000603400000|  0%| F|  |TAMS 0x0000000603000000, 0x0000000603000000| Untracked 
|  10|0x0000000603400000, 0x0000000603400000, 0x0000000603800000|  0%| F|  |TAMS 0x0000000603400000, 0x0000000603400000| Untracked 
|  11|0x0000000603800000, 0x0000000603800000, 0x0000000603c00000|  0%| F|  |TAMS 0x0000000603800000, 0x0000000603800000| Untracked 
|  12|0x0000000603c00000, 0x0000000603c00000, 0x0000000604000000|  0%| F|  |TAMS 0x0000000603c00000, 0x0000000603c00000| Untracked 
|  13|0x0000000604000000, 0x0000000604000000, 0x0000000604400000|  0%| F|  |TAMS 0x0000000604000000, 0x0000000604000000| Untracked 
|  14|0x0000000604400000, 0x0000000604400000, 0x0000000604800000|  0%| F|  |TAMS 0x0000000604400000, 0x0000000604400000| Untracked 
|  15|0x0000000604800000, 0x0000000604800000, 0x0000000604c00000|  0%| F|  |TAMS 0x0000000604800000, 0x0000000604800000| Untracked 
|  16|0x0000000604c00000, 0x0000000604c00000, 0x0000000605000000|  0%| F|  |TAMS 0x0000000604c00000, 0x0000000604c00000| Untracked 
|  17|0x0000000605000000, 0x0000000605000000, 0x0000000605400000|  0%| F|  |TAMS 0x0000000605000000, 0x0000000605000000| Untracked 
|  18|0x0000000605400000, 0x0000000605400000, 0x0000000605800000|  0%| F|  |TAMS 0x0000000605400000, 0x0000000605400000| Untracked 
|  19|0x0000000605800000, 0x0000000605800000, 0x0000000605c00000|  0%| F|  |TAMS 0x0000000605800000, 0x0000000605800000| Untracked 
|  20|0x0000000605c00000, 0x0000000605c00000, 0x0000000606000000|  0%| F|  |TAMS 0x0000000605c00000, 0x0000000605c00000| Untracked 
|  21|0x0000000606000000, 0x0000000606000000, 0x0000000606400000|  0%| F|  |TAMS 0x0000000606000000, 0x0000000606000000| Untracked 
|  22|0x0000000606400000, 0x0000000606400000, 0x0000000606800000|  0%| F|  |TAMS 0x0000000606400000, 0x0000000606400000| Untracked 
|  23|0x0000000606800000, 0x0000000606800000, 0x0000000606c00000|  0%| F|  |TAMS 0x0000000606800000, 0x0000000606800000| Untracked 
|  24|0x0000000606c00000, 0x0000000606c00000, 0x0000000607000000|  0%| F|  |TAMS 0x0000000606c00000, 0x0000000606c00000| Untracked 
|  25|0x0000000607000000, 0x0000000607000000, 0x0000000607400000|  0%| F|  |TAMS 0x0000000607000000, 0x0000000607000000| Untracked 
|  26|0x0000000607400000, 0x0000000607400000, 0x0000000607800000|  0%| F|  |TAMS 0x0000000607400000, 0x0000000607400000| Untracked 
|  27|0x0000000607800000, 0x0000000607800000, 0x0000000607c00000|  0%| F|  |TAMS 0x0000000607800000, 0x0000000607800000| Untracked 
|  28|0x0000000607c00000, 0x0000000607c00000, 0x0000000608000000|  0%| F|  |TAMS 0x0000000607c00000, 0x0000000607c00000| Untracked 
|  29|0x0000000608000000, 0x0000000608000000, 0x0000000608400000|  0%| F|  |TAMS 0x0000000608000000, 0x0000000608000000| Untracked 
|  30|0x0000000608400000, 0x0000000608400000, 0x0000000608800000|  0%| F|  |TAMS 0x0000000608400000, 0x0000000608400000| Untracked 
|  31|0x0000000608800000, 0x0000000608800000, 0x0000000608c00000|  0%| F|  |TAMS 0x0000000608800000, 0x0000000608800000| Untracked 
|  32|0x0000000608c00000, 0x0000000608c00000, 0x0000000609000000|  0%| F|  |TAMS 0x0000000608c00000, 0x0000000608c00000| Untracked 
|  33|0x0000000609000000, 0x0000000609000000, 0x0000000609400000|  0%| F|  |TAMS 0x0000000609000000, 0x0000000609000000| Untracked 
|  34|0x0000000609400000, 0x0000000609400000, 0x0000000609800000|  0%| F|  |TAMS 0x0000000609400000, 0x0000000609400000| Untracked 
|  35|0x0000000609800000, 0x0000000609800000, 0x0000000609c00000|  0%| F|  |TAMS 0x0000000609800000, 0x0000000609800000| Untracked 
|  36|0x0000000609c00000, 0x0000000609c00000, 0x000000060a000000|  0%| F|  |TAMS 0x0000000609c00000, 0x0000000609c00000| Untracked 
|  37|0x000000060a000000, 0x000000060a000000, 0x000000060a400000|  0%| F|  |TAMS 0x000000060a000000, 0x000000060a000000| Untracked 
|  38|0x000000060a400000, 0x000000060a400000, 0x000000060a800000|  0%| F|  |TAMS 0x000000060a400000, 0x000000060a400000| Untracked 
|  39|0x000000060a800000, 0x000000060a800000, 0x000000060ac00000|  0%| F|  |TAMS 0x000000060a800000, 0x000000060a800000| Untracked 
|  40|0x000000060ac00000, 0x000000060ac00000, 0x000000060b000000|  0%| F|  |TAMS 0x000000060ac00000, 0x000000060ac00000| Untracked 
|  41|0x000000060b000000, 0x000000060b000000, 0x000000060b400000|  0%| F|  |TAMS 0x000000060b000000, 0x000000060b000000| Untracked 
|  42|0x000000060b400000, 0x000000060b400000, 0x000000060b800000|  0%| F|  |TAMS 0x000000060b400000, 0x000000060b400000| Untracked 
|  43|0x000000060b800000, 0x000000060b800000, 0x000000060bc00000|  0%| F|  |TAMS 0x000000060b800000, 0x000000060b800000| Untracked 
|  44|0x000000060bc00000, 0x000000060bc00000, 0x000000060c000000|  0%| F|  |TAMS 0x000000060bc00000, 0x000000060bc00000| Untracked 
|  45|0x000000060c000000, 0x000000060c000000, 0x000000060c400000|  0%| F|  |TAMS 0x000000060c000000, 0x000000060c000000| Untracked 
|  46|0x000000060c400000, 0x000000060c400000, 0x000000060c800000|  0%| F|  |TAMS 0x000000060c400000, 0x000000060c400000| Untracked 
|  47|0x000000060c800000, 0x000000060c800000, 0x000000060cc00000|  0%| F|  |TAMS 0x000000060c800000, 0x000000060c800000| Untracked 
|  48|0x000000060cc00000, 0x000000060cc00000, 0x000000060d000000|  0%| F|  |TAMS 0x000000060cc00000, 0x000000060cc00000| Untracked 
|  49|0x000000060d000000, 0x000000060d000000, 0x000000060d400000|  0%| F|  |TAMS 0x000000060d000000, 0x000000060d000000| Untracked 
|  50|0x000000060d400000, 0x000000060d400000, 0x000000060d800000|  0%| F|  |TAMS 0x000000060d400000, 0x000000060d400000| Untracked 
|  51|0x000000060d800000, 0x000000060d800000, 0x000000060dc00000|  0%| F|  |TAMS 0x000000060d800000, 0x000000060d800000| Untracked 
|  52|0x000000060dc00000, 0x000000060dc00000, 0x000000060e000000|  0%| F|  |TAMS 0x000000060dc00000, 0x000000060dc00000| Untracked 
|  53|0x000000060e000000, 0x000000060e000000, 0x000000060e400000|  0%| F|  |TAMS 0x000000060e000000, 0x000000060e000000| Untracked 
|  54|0x000000060e400000, 0x000000060e400000, 0x000000060e800000|  0%| F|  |TAMS 0x000000060e400000, 0x000000060e400000| Untracked 
|  55|0x000000060e800000, 0x000000060e800000, 0x000000060ec00000|  0%| F|  |TAMS 0x000000060e800000, 0x000000060e800000| Untracked 
|  56|0x000000060ec00000, 0x000000060ec00000, 0x000000060f000000|  0%| F|  |TAMS 0x000000060ec00000, 0x000000060ec00000| Untracked 
|  57|0x000000060f000000, 0x000000060f000000, 0x000000060f400000|  0%| F|  |TAMS 0x000000060f000000, 0x000000060f000000| Untracked 
|  58|0x000000060f400000, 0x000000060f400000, 0x000000060f800000|  0%| F|  |TAMS 0x000000060f400000, 0x000000060f400000| Untracked 
|  59|0x000000060f800000, 0x000000060f800000, 0x000000060fc00000|  0%| F|  |TAMS 0x000000060f800000, 0x000000060f800000| Untracked 
|  60|0x000000060fc00000, 0x000000060fc00000, 0x0000000610000000|  0%| F|  |TAMS 0x000000060fc00000, 0x000000060fc00000| Untracked 
|  61|0x0000000610000000, 0x0000000610000000, 0x0000000610400000|  0%| F|  |TAMS 0x0000000610000000, 0x0000000610000000| Untracked 
|  62|0x0000000610400000, 0x0000000610400000, 0x0000000610800000|  0%| F|  |TAMS 0x0000000610400000, 0x0000000610400000| Untracked 
|  63|0x0000000610800000, 0x0000000610800000, 0x0000000610c00000|  0%| F|  |TAMS 0x0000000610800000, 0x0000000610800000| Untracked 
|  64|0x0000000610c00000, 0x0000000610c00000, 0x0000000611000000|  0%| F|  |TAMS 0x0000000610c00000, 0x0000000610c00000| Untracked 
|  65|0x0000000611000000, 0x0000000611000000, 0x0000000611400000|  0%| F|  |TAMS 0x0000000611000000, 0x0000000611000000| Untracked 
|  66|0x0000000611400000, 0x0000000611400000, 0x0000000611800000|  0%| F|  |TAMS 0x0000000611400000, 0x0000000611400000| Untracked 
|  67|0x0000000611800000, 0x0000000611800000, 0x0000000611c00000|  0%| F|  |TAMS 0x0000000611800000, 0x0000000611800000| Untracked 
|  68|0x0000000611c00000, 0x0000000611c00000, 0x0000000612000000|  0%| F|  |TAMS 0x0000000611c00000, 0x0000000611c00000| Untracked 
|  69|0x0000000612000000, 0x0000000612000000, 0x0000000612400000|  0%| F|  |TAMS 0x0000000612000000, 0x0000000612000000| Untracked 
|  70|0x0000000612400000, 0x0000000612400000, 0x0000000612800000|  0%| F|  |TAMS 0x0000000612400000, 0x0000000612400000| Untracked 
|  71|0x0000000612800000, 0x0000000612800000, 0x0000000612c00000|  0%| F|  |TAMS 0x0000000612800000, 0x0000000612800000| Untracked 
|  72|0x0000000612c00000, 0x0000000612c00000, 0x0000000613000000|  0%| F|  |TAMS 0x0000000612c00000, 0x0000000612c00000| Untracked 
|  73|0x0000000613000000, 0x0000000613000000, 0x0000000613400000|  0%| F|  |TAMS 0x0000000613000000, 0x0000000613000000| Untracked 
|  74|0x0000000613400000, 0x0000000613400000, 0x0000000613800000|  0%| F|  |TAMS 0x0000000613400000, 0x0000000613400000| Untracked 
|  75|0x0000000613800000, 0x0000000613800000, 0x0000000613c00000|  0%| F|  |TAMS 0x0000000613800000, 0x0000000613800000| Untracked 
|  76|0x0000000613c00000, 0x0000000613c00000, 0x0000000614000000|  0%| F|  |TAMS 0x0000000613c00000, 0x0000000613c00000| Untracked 
|  77|0x0000000614000000, 0x0000000614000000, 0x0000000614400000|  0%| F|  |TAMS 0x0000000614000000, 0x0000000614000000| Untracked 
|  78|0x0000000614400000, 0x0000000614400000, 0x0000000614800000|  0%| F|  |TAMS 0x0000000614400000, 0x0000000614400000| Untracked 
|  79|0x0000000614800000, 0x0000000614800000, 0x0000000614c00000|  0%| F|  |TAMS 0x0000000614800000, 0x0000000614800000| Untracked 
|  80|0x0000000614c00000, 0x0000000614c00000, 0x0000000615000000|  0%| F|  |TAMS 0x0000000614c00000, 0x0000000614c00000| Untracked 
|  81|0x0000000615000000, 0x0000000615000000, 0x0000000615400000|  0%| F|  |TAMS 0x0000000615000000, 0x0000000615000000| Untracked 
|  82|0x0000000615400000, 0x0000000615400000, 0x0000000615800000|  0%| F|  |TAMS 0x0000000615400000, 0x0000000615400000| Untracked 
|  83|0x0000000615800000, 0x0000000615800000, 0x0000000615c00000|  0%| F|  |TAMS 0x0000000615800000, 0x0000000615800000| Untracked 
|  84|0x0000000615c00000, 0x0000000615c00000, 0x0000000616000000|  0%| F|  |TAMS 0x0000000615c00000, 0x0000000615c00000| Untracked 
|  85|0x0000000616000000, 0x0000000616000000, 0x0000000616400000|  0%| F|  |TAMS 0x0000000616000000, 0x0000000616000000| Untracked 
|  86|0x0000000616400000, 0x0000000616400000, 0x0000000616800000|  0%| F|  |TAMS 0x0000000616400000, 0x0000000616400000| Untracked 
|  87|0x0000000616800000, 0x0000000616800000, 0x0000000616c00000|  0%| F|  |TAMS 0x0000000616800000, 0x0000000616800000| Untracked 
|  88|0x0000000616c00000, 0x0000000616c00000, 0x0000000617000000|  0%| F|  |TAMS 0x0000000616c00000, 0x0000000616c00000| Untracked 
|  89|0x0000000617000000, 0x0000000617000000, 0x0000000617400000|  0%| F|  |TAMS 0x0000000617000000, 0x0000000617000000| Untracked 
|  90|0x0000000617400000, 0x0000000617400000, 0x0000000617800000|  0%| F|  |TAMS 0x0000000617400000, 0x0000000617400000| Untracked 
|  91|0x0000000617800000, 0x0000000617800000, 0x0000000617c00000|  0%| F|  |TAMS 0x0000000617800000, 0x0000000617800000| Untracked 
|  92|0x0000000617c00000, 0x0000000617c00000, 0x0000000618000000|  0%| F|  |TAMS 0x0000000617c00000, 0x0000000617c00000| Untracked 
|  93|0x0000000618000000, 0x0000000618000000, 0x0000000618400000|  0%| F|  |TAMS 0x0000000618000000, 0x0000000618000000| Untracked 
|  94|0x0000000618400000, 0x0000000618400000, 0x0000000618800000|  0%| F|  |TAMS 0x0000000618400000, 0x0000000618400000| Untracked 
|  95|0x0000000618800000, 0x0000000618800000, 0x0000000618c00000|  0%| F|  |TAMS 0x0000000618800000, 0x0000000618800000| Untracked 
|  96|0x0000000618c00000, 0x0000000618c00000, 0x0000000619000000|  0%| F|  |TAMS 0x0000000618c00000, 0x0000000618c00000| Untracked 
|  97|0x0000000619000000, 0x0000000619000000, 0x0000000619400000|  0%| F|  |TAMS 0x0000000619000000, 0x0000000619000000| Untracked 
|  98|0x0000000619400000, 0x0000000619400000, 0x0000000619800000|  0%| F|  |TAMS 0x0000000619400000, 0x0000000619400000| Untracked 
|  99|0x0000000619800000, 0x0000000619800000, 0x0000000619c00000|  0%| F|  |TAMS 0x0000000619800000, 0x0000000619800000| Untracked 
| 100|0x0000000619c00000, 0x0000000619c00000, 0x000000061a000000|  0%| F|  |TAMS 0x0000000619c00000, 0x0000000619c00000| Untracked 
| 101|0x000000061a000000, 0x000000061a000000, 0x000000061a400000|  0%| F|  |TAMS 0x000000061a000000, 0x000000061a000000| Untracked 
| 102|0x000000061a400000, 0x000000061a400000, 0x000000061a800000|  0%| F|  |TAMS 0x000000061a400000, 0x000000061a400000| Untracked 
| 103|0x000000061a800000, 0x000000061a800000, 0x000000061ac00000|  0%| F|  |TAMS 0x000000061a800000, 0x000000061a800000| Untracked 
| 104|0x000000061ac00000, 0x000000061ac00000, 0x000000061b000000|  0%| F|  |TAMS 0x000000061ac00000, 0x000000061ac00000| Untracked 
| 105|0x000000061b000000, 0x000000061b000000, 0x000000061b400000|  0%| F|  |TAMS 0x000000061b000000, 0x000000061b000000| Untracked 
| 106|0x000000061b400000, 0x000000061b400000, 0x000000061b800000|  0%| F|  |TAMS 0x000000061b400000, 0x000000061b400000| Untracked 
| 107|0x000000061b800000, 0x000000061b800000, 0x000000061bc00000|  0%| F|  |TAMS 0x000000061b800000, 0x000000061b800000| Untracked 
| 108|0x000000061bc00000, 0x000000061bc00000, 0x000000061c000000|  0%| F|  |TAMS 0x000000061bc00000, 0x000000061bc00000| Untracked 
| 109|0x000000061c000000, 0x000000061c000000, 0x000000061c400000|  0%| F|  |TAMS 0x000000061c000000, 0x000000061c000000| Untracked 
| 110|0x000000061c400000, 0x000000061c400000, 0x000000061c800000|  0%| F|  |TAMS 0x000000061c400000, 0x000000061c400000| Untracked 
| 111|0x000000061c800000, 0x000000061c800000, 0x000000061cc00000|  0%| F|  |TAMS 0x000000061c800000, 0x000000061c800000| Untracked 
| 112|0x000000061cc00000, 0x000000061cc00000, 0x000000061d000000|  0%| F|  |TAMS 0x000000061cc00000, 0x000000061cc00000| Untracked 
| 113|0x000000061d000000, 0x000000061d000000, 0x000000061d400000|  0%| F|  |TAMS 0x000000061d000000, 0x000000061d000000| Untracked 
| 114|0x000000061d400000, 0x000000061d400000, 0x000000061d800000|  0%| F|  |TAMS 0x000000061d400000, 0x000000061d400000| Untracked 
| 115|0x000000061d800000, 0x000000061dc00000, 0x000000061dc00000|100%| S|CS|TAMS 0x000000061d800000, 0x000000061d800000| Complete 
| 116|0x000000061dc00000, 0x000000061e000000, 0x000000061e000000|100%| S|CS|TAMS 0x000000061dc00000, 0x000000061dc00000| Complete 
| 117|0x000000061e000000, 0x000000061e000000, 0x000000061e400000|  0%| F|  |TAMS 0x000000061e000000, 0x000000061e000000| Untracked 
| 118|0x000000061e400000, 0x000000061e400000, 0x000000061e800000|  0%| F|  |TAMS 0x000000061e400000, 0x000000061e400000| Untracked 
| 119|0x000000061e800000, 0x000000061e800000, 0x000000061ec00000|  0%| F|  |TAMS 0x000000061e800000, 0x000000061e800000| Untracked 
| 120|0x000000061ec00000, 0x000000061ec00000, 0x000000061f000000|  0%| F|  |TAMS 0x000000061ec00000, 0x000000061ec00000| Untracked 
| 121|0x000000061f000000, 0x000000061f000000, 0x000000061f400000|  0%| F|  |TAMS 0x000000061f000000, 0x000000061f000000| Untracked 
| 122|0x000000061f400000, 0x000000061f67aba8, 0x000000061f800000| 61%| E|  |TAMS 0x000000061f400000, 0x000000061f400000| Complete 
| 123|0x000000061f800000, 0x000000061fc00000, 0x000000061fc00000|100%| E|CS|TAMS 0x000000061f800000, 0x000000061f800000| Complete 
| 124|0x000000061fc00000, 0x0000000620000000, 0x0000000620000000|100%| E|CS|TAMS 0x000000061fc00000, 0x000000061fc00000| Complete 
| 125|0x0000000620000000, 0x0000000620400000, 0x0000000620400000|100%| E|CS|TAMS 0x0000000620000000, 0x0000000620000000| Complete 
| 126|0x0000000620400000, 0x0000000620800000, 0x0000000620800000|100%| E|CS|TAMS 0x0000000620400000, 0x0000000620400000| Complete 
| 127|0x0000000620800000, 0x0000000620c00000, 0x0000000620c00000|100%| E|CS|TAMS 0x0000000620800000, 0x0000000620800000| Complete 

Card table byte_map: [0x0000021236e50000,0x0000021237e50000] _byte_map_base: 0x0000021233e4a000

Marking Bits (Prev, Next): (CMBitMap*) 0x000002121edd7d60, (CMBitMap*) 0x000002121edd7da0
 Prev Bits: [0x0000021238e50000, 0x0000021240e20000)
 Next Bits: [0x0000021240e20000, 0x0000021248df0000)

Polling page: 0x000002121cd50000

Metaspace:

Usage:
  Non-class:     14.80 MB used.
      Class:      2.59 MB used.
       Both:     17.39 MB used.

Virtual space:
  Non-class space:       16.00 MB reserved,      14.94 MB ( 93%) committed,  2 nodes.
      Class space:        1.00 GB reserved,       2.75 MB ( <1%) committed,  1 nodes.
             Both:        1.02 GB reserved,      17.69 MB (  2%) committed. 

Chunk freelists:
   Non-Class:  480.00 KB
       Class:  1.10 MB
        Both:  1.57 MB

MaxMetaspaceSize: unlimited
CompressedClassSpaceSize: 1.00 GB
Initial GC threshold: 21.00 MB
Current GC threshold: 21.00 MB
CDS: on
MetaspaceReclaimPolicy: balanced
 - commit_granule_bytes: 65536.
 - commit_granule_words: 8192.
 - virtual_space_node_default_size: 1048576.
 - enlarge_chunks_in_place: 1.
 - new_chunks_are_fully_committed: 0.
 - uncommit_free_chunks: 1.
 - use_allocation_guard: 0.
 - handle_deallocations: 1.


Internal statistics:

num_allocs_failed_limit: 0.
num_arena_births: 236.
num_arena_deaths: 0.
num_vsnodes_births: 3.
num_vsnodes_deaths: 0.
num_space_committed: 283.
num_space_uncommitted: 0.
num_chunks_returned_to_freelist: 0.
num_chunks_taken_from_freelist: 854.
num_chunk_merges: 0.
num_chunk_splits: 596.
num_chunks_enlarged: 485.
num_purges: 0.
num_inconsistent_stats: 0.

CodeHeap 'non-profiled nmethods': size=119168Kb used=1404Kb max_used=1404Kb free=117764Kb
 bounds [0x000002122e160000, 0x000002122e3d0000, 0x00000212355c0000]
CodeHeap 'profiled nmethods': size=119104Kb used=7692Kb max_used=7692Kb free=111411Kb
 bounds [0x0000021226d10000, 0x00000212274a0000, 0x000002122e160000]
CodeHeap 'non-nmethods': size=7488Kb used=3132Kb max_used=3184Kb free=4355Kb
 bounds [0x00000212265c0000, 0x00000212268e0000, 0x0000021226d10000]
 total_blobs=4544 nmethods=3734 adapters=717
 compilation: enabled
              stopped_count=0, restarted_count=0
 full_count=0

Compilation events (20 events):
Event: 4.612 Thread 0x000002124c80fcb0 nmethod 3655 0x000002122e2b4290 code [0x000002122e2b44c0, 0x000002122e2b5648]
Event: 4.612 Thread 0x000002124c80fcb0 3721       4       com.sun.marlin.MaskMarlinAlphaConsumer::setAndClearRelativeAlphas (263 bytes)
Event: 4.612 Thread 0x000002124c8105b0 nmethod 3732 0x0000021227491b10 code [0x0000021227491d40, 0x0000021227492768]
Event: 4.620 Thread 0x000002124c80fcb0 nmethod 3721 0x000002122e2b6010 code [0x000002122e2b61a0, 0x000002122e2b6798]
Event: 4.620 Thread 0x000002124c80fcb0 3687       4       jdk.internal.org.objectweb.asm.ClassReader::<init> (371 bytes)
Event: 4.624 Thread 0x000002124f697660 nmethod 3694 0x000002122e2b6c10 code [0x000002122e2b6ee0, 0x000002122e2b80b8]
Event: 4.624 Thread 0x000002124f697660 3696       4       javafx.scene.paint.Color::getRed (6 bytes)
Event: 4.625 Thread 0x000002124f697660 nmethod 3696 0x000002122e2b9110 code [0x000002122e2b9280, 0x000002122e2b92f8]
Event: 4.625 Thread 0x000002124f697660 3697       4       javafx.scene.paint.Color::getGreen (6 bytes)
Event: 4.625 Thread 0x000002124f697660 nmethod 3697 0x000002122e2b9410 code [0x000002122e2b9580, 0x000002122e2b95f8]
Event: 4.625 Thread 0x000002124f697660 3660       4       com.sun.javafx.scene.layout.RegionHelper::notifyLayoutBoundsChangedImpl (10 bytes)
Event: 4.625 Thread 0x000002124f697660 nmethod 3660 0x000002122e2b9710 code [0x000002122e2b98a0, 0x000002122e2b9998]
Event: 4.625 Thread 0x000002124f697660 3667       4       java.util.ImmutableCollections$ListN::get (7 bytes)
Event: 4.626 Thread 0x000002124f697660 nmethod 3667 0x000002122e2b9a90 code [0x000002122e2b9c00, 0x000002122e2b9cb8]
Event: 4.626 Thread 0x000002124f697660 3674       4       java.lang.invoke.MethodType::equals (56 bytes)
Event: 4.628 Thread 0x000002124f697660 nmethod 3674 0x000002122e2b9d90 code [0x000002122e2b9f20, 0x000002122e2ba1b8]
Event: 4.628 Thread 0x000002124c80fcb0 nmethod 3687 0x000002122e2ba490 code [0x000002122e2ba640, 0x000002122e2bb078]
Event: 4.628 Thread 0x000002124f696c40 nmethod 3662 0x000002122e2bb410 code [0x000002122e2bb780, 0x000002122e2bd6d0]
Event: 4.635 Thread 0x000002124c8105b0 3735       3       java.nio.CharBuffer::arrayOffset (35 bytes)
Event: 4.635 Thread 0x000002124c8105b0 nmethod 3735 0x0000021227492a90 code [0x0000021227492c60, 0x0000021227492f38]

GC Heap History (4 events):
Event: 0.462 GC heap before
{Heap before GC invocations=0 (full 0):
 garbage-first heap   total 524288K, used 20480K [0x0000000600c00000, 0x0000000800000000)
  region size 4096K, 6 young (24576K), 0 survivors (0K)
 Metaspace       used 5126K, committed 5312K, reserved 1056768K
  class space    used 649K, committed 768K, reserved 1048576K
}
Event: 0.465 GC heap after
{Heap after GC invocations=1 (full 0):
 garbage-first heap   total 524288K, used 3290K [0x0000000600c00000, 0x0000000800000000)
  region size 4096K, 1 young (4096K), 1 survivors (4096K)
 Metaspace       used 5126K, committed 5312K, reserved 1056768K
  class space    used 649K, committed 768K, reserved 1048576K
}
Event: 1.012 GC heap before
{Heap before GC invocations=1 (full 0):
 garbage-first heap   total 524288K, used 44250K [0x0000000600c00000, 0x0000000800000000)
  region size 4096K, 11 young (45056K), 1 survivors (4096K)
 Metaspace       used 14240K, committed 14464K, reserved 1064960K
  class space    used 2219K, committed 2304K, reserved 1048576K
}
Event: 1.017 GC heap after
{Heap after GC invocations=2 (full 0):
 garbage-first heap   total 524288K, used 8730K [0x0000000600c00000, 0x0000000800000000)
  region size 4096K, 2 young (8192K), 2 survivors (8192K)
 Metaspace       used 14240K, committed 14464K, reserved 1064960K
  class space    used 2219K, committed 2304K, reserved 1048576K
}

Deoptimization events (20 events):
Event: 4.229 Thread 0x000002124d878700 Uncommon trap: trap_request=0xffffff45 fr.pc=0x000002122e28adfc relative=0x000000000000031c
Event: 4.229 Thread 0x000002124d878700 Uncommon trap: reason=unstable_if action=reinterpret pc=0x000002122e28adfc method=javafx.scene.Node.pickNode(Lcom/sun/javafx/geom/PickRay;Lcom/sun/javafx/scene/input/PickResultChooser;)V @ 18 c2
Event: 4.229 Thread 0x000002124d878700 DEOPT PACKING pc=0x000002122e28adfc sp=0x00000088b7afb4f0
Event: 4.229 Thread 0x000002124d878700 DEOPT UNPACKING pc=0x00000212266123a3 sp=0x00000088b7afb450 mode 2
Event: 4.394 Thread 0x000002124d801300 DEOPT PACKING pc=0x0000021227295083 sp=0x00000088b77fcfb0
Event: 4.394 Thread 0x000002124d801300 DEOPT UNPACKING pc=0x0000021226612b43 sp=0x00000088b77fc3d0 mode 0
Event: 4.606 Thread 0x000002124d878700 Uncommon trap: trap_request=0xffffff45 fr.pc=0x000002122e27f834 relative=0x0000000000000754
Event: 4.606 Thread 0x000002124d878700 Uncommon trap: reason=unstable_if action=reinterpret pc=0x000002122e27f834 method=com.sun.javafx.geom.RectBounds.isEmpty()Z @ 21 c2
Event: 4.606 Thread 0x000002124d878700 DEOPT PACKING pc=0x000002122e27f834 sp=0x00000088b7af9bb0
Event: 4.606 Thread 0x000002124d878700 DEOPT UNPACKING pc=0x00000212266123a3 sp=0x00000088b7af9a88 mode 2
Event: 4.606 Thread 0x000002124d878700 Uncommon trap: trap_request=0xffffff45 fr.pc=0x000002122e275204 relative=0x00000000000000e4
Event: 4.606 Thread 0x000002124d878700 Uncommon trap: reason=unstable_if action=reinterpret pc=0x000002122e275204 method=com.sun.javafx.geom.RectBounds.isEmpty()Z @ 21 c2
Event: 4.606 Thread 0x000002124d878700 DEOPT PACKING pc=0x000002122e275204 sp=0x00000088b7af99c0
Event: 4.606 Thread 0x000002124d878700 DEOPT UNPACKING pc=0x00000212266123a3 sp=0x00000088b7af98f8 mode 2
Event: 4.611 Thread 0x000002124d801300 DEOPT PACKING pc=0x00000212271fd073 sp=0x00000088b77fd500
Event: 4.611 Thread 0x000002124d801300 DEOPT UNPACKING pc=0x0000021226612b43 sp=0x00000088b77fc8c8 mode 0
Event: 4.634 Thread 0x000002124d878700 Uncommon trap: trap_request=0xffffffc6 fr.pc=0x000002122e28189c relative=0x000000000000007c
Event: 4.634 Thread 0x000002124d878700 Uncommon trap: reason=bimorphic_or_optimized_type_check action=maybe_recompile pc=0x000002122e28189c method=java.util.Collections$UnmodifiableCollection.size()I @ 4 c2
Event: 4.634 Thread 0x000002124d878700 DEOPT PACKING pc=0x000002122e28189c sp=0x00000088b7afc500
Event: 4.634 Thread 0x000002124d878700 DEOPT UNPACKING pc=0x00000212266123a3 sp=0x00000088b7afc488 mode 2

Classes unloaded (0 events):
No events

Classes redefined (0 events):
No events

Internal exceptions (20 events):
Event: 0.714 Thread 0x000002124d878700 Exception <a 'java/lang/NoSuchMethodError'{0x000000061fbf7c20}: 'int java.lang.invoke.DirectMethodHandle$Holder.invokeStaticInit(java.lang.Object, java.lang.Object)'> (0x000000061fbf7c20) 
thrown [t:\workspace\open\src\hotspot\share\interpreter\linkResolver.cpp, line 766]
Event: 0.750 Thread 0x000002124d878700 Exception <a 'java/lang/NoSuchMethodError'{0x000000061f780c10}: 'java.lang.Object java.lang.invoke.DirectMethodHandle$Holder.invokeInterface(java.lang.Object, java.lang.Object, java.lang.Object)'> (0x000000061f780c10) 
thrown [t:\workspace\open\src\hotspot\share\interpreter\linkResolver.cpp, line 766]
Event: 0.750 Thread 0x000002124d878700 Exception <a 'java/lang/IncompatibleClassChangeError'{0x000000061f784598}: Found class java.lang.Object, but interface was expected> (0x000000061f784598) 
thrown [t:\workspace\open\src\hotspot\share\interpreter\linkResolver.cpp, line 833]
Event: 0.804 Thread 0x000002124d878700 Exception <a 'java/lang/ClassNotFoundException'{0x000000061ef48c30}: com/sun/javafx/scene/control/skin/resources/controls> (0x000000061ef48c30) 
thrown [t:\workspace\open\src\hotspot\share\prims\jni.cpp, line 535]
Event: 0.804 Thread 0x000002124d878700 Exception <a 'java/lang/ClassNotFoundException'{0x000000061ef56bd0}: com/sun/javafx/scene/control/skin/resources/controls_pt> (0x000000061ef56bd0) 
thrown [t:\workspace\open\src\hotspot\share\prims\jni.cpp, line 535]
Event: 0.805 Thread 0x000002124d878700 Exception <a 'java/lang/ClassNotFoundException'{0x000000061ef58850}: com/sun/javafx/scene/control/skin/resources/controls_pt_PT> (0x000000061ef58850) 
thrown [t:\workspace\open\src\hotspot\share\prims\jni.cpp, line 535]
Event: 0.980 Thread 0x000002124d878700 Exception <a 'java/lang/NoSuchMethodError'{0x000000061e27e1c8}: 'java.lang.Object java.lang.invoke.DirectMethodHandle$Holder.newInvokeSpecial(java.lang.Object, java.lang.Object, int)'> (0x000000061e27e1c8) 
thrown [t:\workspace\open\src\hotspot\share\interpreter\linkResolver.cpp, line 766]
Event: 2.122 Thread 0x000002124d878700 Exception <a 'java/lang/NoSuchMethodError'{0x000000062091fd10}: 'long java.lang.invoke.DirectMethodHandle$Holder.invokeStatic(java.lang.Object, java.lang.Object, java.lang.Object)'> (0x000000062091fd10) 
thrown [t:\workspace\open\src\hotspot\share\interpreter\linkResolver.cpp, line 766]
Event: 2.122 Thread 0x000002124d878700 Exception <a 'java/lang/NoSuchMethodError'{0x00000006209234b8}: 'long java.lang.invoke.DirectMethodHandle$Holder.invokeStaticInit(java.lang.Object, java.lang.Object, java.lang.Object)'> (0x00000006209234b8) 
thrown [t:\workspace\open\src\hotspot\share\interpreter\linkResolver.cpp, line 766]
Event: 2.123 Thread 0x000002124d878700 Exception <a 'java/lang/NoSuchMethodError'{0x000000062093b0c0}: 'java.lang.Object java.lang.invoke.DirectMethodHandle$Holder.newInvokeSpecial(java.lang.Object, java.lang.Object, long)'> (0x000000062093b0c0) 
thrown [t:\workspace\open\src\hotspot\share\interpreter\linkResolver.cpp, line 766]
Event: 2.123 Thread 0x000002124d878700 Exception <a 'java/lang/NoSuchMethodError'{0x000000062093ec30}: 'java.lang.Object java.lang.invoke.Invokers$Holder.linkToTargetMethod(java.lang.Object, long, java.lang.Object)'> (0x000000062093ec30) 
thrown [t:\workspace\open\src\hotspot\share\interpreter\linkResolver.cpp, line 766]
Event: 3.232 Thread 0x000002124d878700 Exception <a 'java/lang/NoSuchMethodError'{0x000000061fc6f300}: 'java.lang.Object java.lang.invoke.DirectMethodHandle$Holder.newInvokeSpecial(java.lang.Object, java.lang.Object, int, int, int, int, int, java.lang.Object)'> (0x000000061fc6f300) 
thrown [t:\workspace\open\src\hotspot\share\interpreter\linkResolver.cpp, line 766]
Event: 3.232 Thread 0x000002124d878700 Exception <a 'java/lang/NoSuchMethodError'{0x000000061fc822e0}: 'java.lang.Object java.lang.invoke.DirectMethodHandle$Holder.newInvokeSpecial(java.lang.Object, java.lang.Object, java.lang.Object, int, int, int, int, int)'> (0x000000061fc822e0) 
thrown [t:\workspace\open\src\hotspot\share\interpreter\linkResolver.cpp, line 766]
Event: 3.232 Thread 0x000002124d878700 Exception <a 'java/lang/NoSuchMethodError'{0x000000061fc89b40}: 'java.lang.Object java.lang.invoke.Invokers$Holder.linkToTargetMethod(java.lang.Object, java.lang.Object, int, int, int, int, int, java.lang.Object)'> (0x000000061fc89b40) 
thrown [t:\workspace\open\src\hotspot\share\interpreter\linkResolver.cpp, line 766]
Event: 3.305 Thread 0x000002124d878700 Exception <a 'java/io/FileNotFoundException'{0x000000061fd29628}> (0x000000061fd29628) 
thrown [t:\workspace\open\src\hotspot\share\prims\jni.cpp, line 516]
Event: 3.352 Thread 0x000002124d878700 Exception <a 'java/lang/NoSuchMethodError'{0x000000061f83b118}: 'void java.lang.invoke.DirectMethodHandle$Holder.invokeSpecialIFC(java.lang.Object, java.lang.Object, java.lang.Object, java.lang.Object)'> (0x000000061f83b118) 
thrown [t:\workspace\open\src\hotspot\share\interpreter\linkResolver.cpp, line 766]
Event: 3.361 Thread 0x000002124d878700 Exception <a 'java/lang/NoSuchMethodError'{0x000000061f94dcb0}: 'int java.lang.invoke.DirectMethodHandle$Holder.invokeSpecial(java.lang.Object, java.lang.Object, int)'> (0x000000061f94dcb0) 
thrown [t:\workspace\open\src\hotspot\share\interpreter\linkResolver.cpp, line 766]
Event: 4.604 Thread 0x000002124d878700 Exception <a 'java/lang/NoSuchMethodError'{0x000000061f4ab3b0}: 'java.lang.Object java.lang.invoke.DirectMethodHandle$Holder.invokeSpecial(java.lang.Object, java.lang.Object, long, java.lang.Object, java.lang.Object, java.lang.Object, java.lang.Object, java.lang.Object, java.lang.Object, int)'> (0x000000061f4ab3b0) 
thrown [t:\workspace\open\src\hotspot\share\interpreter\linkResolver.cpp, line 766]
Event: 4.604 Thread 0x000002124d878700 Exception <a 'java/lang/NoSuchMethodError'{0x000000061f4b0268}: 'java.lang.Object java.lang.invoke.DelegatingMethodHandle$Holder.reinvoke_L(java.lang.Object, long, java.lang.Object, java.lang.Object, java.lang.Object, java.lang.Object, java.lang.Object, java.lang.Object, int)'> (0x000000061f4b0268) 
thrown [t:\workspace\open\src\hotspot\share\interpreter\linkResolver.cpp, line 766]
Event: 4.605 Thread 0x000002124d878700 Exception <a 'java/lang/NoSuchMethodError'{0x000000061f4c7228}: 'java.lang.Object java.lang.invoke.DirectMethodHandle$Holder.invokeSpecial(java.lang.Object, java.lang.Object, java.lang.Object, java.lang.Object, java.lang.Object, java.lang.Object, java.lang.Object, java.lang.Object, int)'> (0x000000061f4c7228) 
thrown [t:\workspace\open\src\hotspot\share\interpreter\linkResolver.cpp, line 766]

VM Operations (20 events):
Event: 0.864 Executing VM operation: ICBufferFull
Event: 0.865 Executing VM operation: ICBufferFull done
Event: 0.912 Executing VM operation: HandshakeAllThreads
Event: 0.912 Executing VM operation: HandshakeAllThreads done
Event: 0.962 Executing VM operation: ICBufferFull
Event: 0.965 Executing VM operation: ICBufferFull done
Event: 1.012 Executing VM operation: G1CollectForAllocation
Event: 1.017 Executing VM operation: G1CollectForAllocation done
Event: 1.650 Executing VM operation: HandshakeAllThreads
Event: 1.650 Executing VM operation: HandshakeAllThreads done
Event: 2.193 Executing VM operation: ICBufferFull
Event: 2.193 Executing VM operation: ICBufferFull done
Event: 2.842 Executing VM operation: ICBufferFull
Event: 2.842 Executing VM operation: ICBufferFull done
Event: 3.316 Executing VM operation: HandshakeAllThreads
Event: 3.316 Executing VM operation: HandshakeAllThreads done
Event: 3.347 Executing VM operation: HandshakeAllThreads
Event: 3.347 Executing VM operation: HandshakeAllThreads done
Event: 3.371 Executing VM operation: ICBufferFull
Event: 3.371 Executing VM operation: ICBufferFull done

Events (20 events):
Event: 3.347 loading class java/util/BitSet$1BitSetSpliterator
Event: 3.347 loading class java/util/BitSet$1BitSetSpliterator done
Event: 3.348 loading class java/util/stream/IntPipeline$1
Event: 3.348 loading class java/util/stream/IntPipeline$1 done
Event: 3.348 loading class java/util/stream/IntPipeline$1$1
Event: 3.348 loading class java/util/stream/IntPipeline$1$1 done
Event: 3.369 Thread 0x000002124f695d10 Thread added: 0x000002124f695d10
Event: 3.372 Thread 0x000002124f6948d0 Thread added: 0x000002124f6948d0
Event: 3.561 Thread 0x000002124f695d10 Thread exited: 0x000002124f695d10
Event: 3.561 Thread 0x000002124f6948d0 Thread exited: 0x000002124f6948d0
Event: 4.604 Thread 0x000002124f696c40 Thread added: 0x000002124f696c40
Event: 4.608 Thread 0x000002124f697660 Thread added: 0x000002124f697660
Event: 4.613 loading class java/util/LinkedList$ListItr
Event: 4.613 loading class java/util/LinkedList$ListItr done
Event: 4.634 loading class java/lang/Throwable$WrappedPrintStream
Event: 4.634 loading class java/lang/Throwable$PrintStreamOrWriter
Event: 4.634 loading class java/lang/Throwable$PrintStreamOrWriter done
Event: 4.634 loading class java/lang/Throwable$WrappedPrintStream done
Event: 4.634 loading class java/lang/StackTraceElement$HashedModules
Event: 4.634 loading class java/lang/StackTraceElement$HashedModules done


Dynamic libraries:
0x00007ff6df060000 - 0x00007ff6df070000 	C:\Program Files\Java\jdk-17.0.2\bin\java.exe
0x00007ffcbc030000 - 0x00007ffcbc227000 	C:\WINDOWS\SYSTEM32\ntdll.dll
0x00007ffcba6f0000 - 0x00007ffcba7ad000 	C:\WINDOWS\System32\KERNEL32.DLL
0x00007ffcb9dc0000 - 0x00007ffcba08d000 	C:\WINDOWS\System32\KERNELBASE.dll
0x00007ffcb9a60000 - 0x00007ffcb9b60000 	C:\WINDOWS\System32\ucrtbase.dll
0x00007ffca0a40000 - 0x00007ffca0a58000 	C:\Program Files\Java\jdk-17.0.2\bin\jli.dll
0x00007ffca1670000 - 0x00007ffca168a000 	C:\Program Files\Java\jdk-17.0.2\bin\VCRUNTIME140.dll
0x00007ffcbaf80000 - 0x00007ffcbb02e000 	C:\WINDOWS\System32\ADVAPI32.dll
0x00007ffcba980000 - 0x00007ffcbaa1e000 	C:\WINDOWS\System32\msvcrt.dll
0x00007ffcba3d0000 - 0x00007ffcba46c000 	C:\WINDOWS\System32\sechost.dll
0x00007ffcba2a0000 - 0x00007ffcba3c5000 	C:\WINDOWS\System32\RPCRT4.dll
0x00007ffcbade0000 - 0x00007ffcbaf80000 	C:\WINDOWS\System32\USER32.dll
0x00007ffca7bf0000 - 0x00007ffca7e8a000 	C:\WINDOWS\WinSxS\amd64_microsoft.windows.common-controls_6595b64144ccf1df_6.0.19041.1110_none_60b5254171f9507e\COMCTL32.dll
0x00007ffcb9b60000 - 0x00007ffcb9b82000 	C:\WINDOWS\System32\win32u.dll
0x00007ffcba090000 - 0x00007ffcba0ba000 	C:\WINDOWS\System32\GDI32.dll
0x00007ffcb9950000 - 0x00007ffcb9a5b000 	C:\WINDOWS\System32\gdi32full.dll
0x00007ffcb03f0000 - 0x00007ffcb03fa000 	C:\WINDOWS\SYSTEM32\VERSION.dll
0x00007ffcb9750000 - 0x00007ffcb97ed000 	C:\WINDOWS\System32\msvcp_win.dll
0x00007ffcbba30000 - 0x00007ffcbba60000 	C:\WINDOWS\System32\IMM32.DLL
0x00007ffca5550000 - 0x00007ffca555c000 	C:\Program Files\Java\jdk-17.0.2\bin\vcruntime140_1.dll
0x00007ffca0690000 - 0x00007ffca071d000 	C:\Program Files\Java\jdk-17.0.2\bin\msvcp140.dll
0x00007ffc156d0000 - 0x00007ffc16291000 	C:\Program Files\Java\jdk-17.0.2\bin\server\jvm.dll
0x00007ffcbb130000 - 0x00007ffcbb138000 	C:\WINDOWS\System32\PSAPI.DLL
0x00007ffcaff20000 - 0x00007ffcaff47000 	C:\WINDOWS\SYSTEM32\WINMM.dll
0x00007ffcb3f50000 - 0x00007ffcb3f59000 	C:\WINDOWS\SYSTEM32\WSOCK32.dll
0x00007ffcbb0c0000 - 0x00007ffcbb12b000 	C:\WINDOWS\System32\WS2_32.dll
0x00007ffcb7ff0000 - 0x00007ffcb8002000 	C:\WINDOWS\SYSTEM32\kernel.appcore.dll
0x00007ffca3990000 - 0x00007ffca399a000 	C:\Program Files\Java\jdk-17.0.2\bin\jimage.dll
0x00007ffca95a0000 - 0x00007ffca9784000 	C:\WINDOWS\SYSTEM32\DBGHELP.DLL
0x00007ffca0220000 - 0x00007ffca024c000 	C:\WINDOWS\SYSTEM32\dbgcore.DLL
0x00007ffcb9c30000 - 0x00007ffcb9cb2000 	C:\WINDOWS\System32\bcryptPrimitives.dll
0x00007ffcb4a20000 - 0x00007ffcb4a2e000 	C:\Program Files\Java\jdk-17.0.2\bin\instrument.dll
0x00007ffca0a10000 - 0x00007ffca0a35000 	C:\Program Files\Java\jdk-17.0.2\bin\java.dll
0x00007ffc93920000 - 0x00007ffc939f6000 	C:\Program Files\Java\jdk-17.0.2\bin\jsvml.dll
0x00007ffcbb220000 - 0x00007ffcbb964000 	C:\WINDOWS\System32\SHELL32.dll
0x00007ffcb7780000 - 0x00007ffcb7f14000 	C:\WINDOWS\SYSTEM32\windows.storage.dll
0x00007ffcbaa80000 - 0x00007ffcbadd4000 	C:\WINDOWS\System32\combase.dll
0x00007ffcb91b0000 - 0x00007ffcb91dc000 	C:\WINDOWS\SYSTEM32\Wldp.dll
0x00007ffcba810000 - 0x00007ffcba8bd000 	C:\WINDOWS\System32\SHCORE.dll
0x00007ffcbaa20000 - 0x00007ffcbaa75000 	C:\WINDOWS\System32\shlwapi.dll
0x00007ffcb9690000 - 0x00007ffcb96af000 	C:\WINDOWS\SYSTEM32\profapi.dll
0x00007ffca0640000 - 0x00007ffca0659000 	C:\Program Files\Java\jdk-17.0.2\bin\net.dll
0x00007ffcb1800000 - 0x00007ffcb190a000 	C:\WINDOWS\SYSTEM32\WINHTTP.dll
0x00007ffcb8f10000 - 0x00007ffcb8f7a000 	C:\WINDOWS\system32\mswsock.dll
0x00007ffca0390000 - 0x00007ffca03a6000 	C:\Program Files\Java\jdk-17.0.2\bin\nio.dll
0x00007ffca0370000 - 0x00007ffca0388000 	C:\Program Files\Java\jdk-17.0.2\bin\zip.dll
0x00007ffca1730000 - 0x00007ffca174a000 	C:\Program Files\JetBrains\IntelliJ IDEA 2022.1\bin\breakgen64.dll
0x000002124f6d0000 - 0x000002124f6d3000 	C:\Program Files\Java\javafx-sdk-17.0.2\bin\api-ms-win-core-console-l1-1-0.dll
0x000002124f6e0000 - 0x000002124f6e3000 	C:\Program Files\Java\javafx-sdk-17.0.2\bin\api-ms-win-core-console-l1-2-0.dll
0x000002124e3d0000 - 0x000002124e3d3000 	C:\Program Files\Java\javafx-sdk-17.0.2\bin\api-ms-win-core-datetime-l1-1-0.dll
0x000002124e3e0000 - 0x000002124e3e3000 	C:\Program Files\Java\javafx-sdk-17.0.2\bin\api-ms-win-core-debug-l1-1-0.dll
0x000002124e3f0000 - 0x000002124e3f3000 	C:\Program Files\Java\javafx-sdk-17.0.2\bin\api-ms-win-core-errorhandling-l1-1-0.dll
0x000002124e400000 - 0x000002124e404000 	C:\Program Files\Java\javafx-sdk-17.0.2\bin\api-ms-win-core-file-l1-1-0.dll
0x000002124e410000 - 0x000002124e413000 	C:\Program Files\Java\javafx-sdk-17.0.2\bin\api-ms-win-core-file-l1-2-0.dll
0x000002124e420000 - 0x000002124e423000 	C:\Program Files\Java\javafx-sdk-17.0.2\bin\api-ms-win-core-file-l2-1-0.dll
0x000002124e430000 - 0x000002124e433000 	C:\Program Files\Java\javafx-sdk-17.0.2\bin\api-ms-win-core-handle-l1-1-0.dll
0x000002124e440000 - 0x000002124e443000 	C:\Program Files\Java\javafx-sdk-17.0.2\bin\api-ms-win-core-heap-l1-1-0.dll
0x000002124e450000 - 0x000002124e453000 	C:\Program Files\Java\javafx-sdk-17.0.2\bin\api-ms-win-core-interlocked-l1-1-0.dll
0x000002124e460000 - 0x000002124e463000 	C:\Program Files\Java\javafx-sdk-17.0.2\bin\api-ms-win-core-libraryloader-l1-1-0.dll
0x000002124e470000 - 0x000002124e473000 	C:\Program Files\Java\javafx-sdk-17.0.2\bin\api-ms-win-core-localization-l1-2-0.dll
0x000002124e480000 - 0x000002124e483000 	C:\Program Files\Java\javafx-sdk-17.0.2\bin\api-ms-win-core-memory-l1-1-0.dll
0x000002124e490000 - 0x000002124e493000 	C:\Program Files\Java\javafx-sdk-17.0.2\bin\api-ms-win-core-namedpipe-l1-1-0.dll
0x000002124e4a0000 - 0x000002124e4a3000 	C:\Program Files\Java\javafx-sdk-17.0.2\bin\api-ms-win-core-processenvironment-l1-1-0.dll
0x000002124e4b0000 - 0x000002124e4b3000 	C:\Program Files\Java\javafx-sdk-17.0.2\bin\api-ms-win-core-processthreads-l1-1-0.dll
0x000002124e4c0000 - 0x000002124e4c3000 	C:\Program Files\Java\javafx-sdk-17.0.2\bin\api-ms-win-core-processthreads-l1-1-1.dll
0x000002124e5f0000 - 0x000002124e5f3000 	C:\Program Files\Java\javafx-sdk-17.0.2\bin\api-ms-win-core-profile-l1-1-0.dll
0x000002124e600000 - 0x000002124e603000 	C:\Program Files\Java\javafx-sdk-17.0.2\bin\api-ms-win-core-rtlsupport-l1-1-0.dll
0x000002124e610000 - 0x000002124e613000 	C:\Program Files\Java\javafx-sdk-17.0.2\bin\api-ms-win-core-string-l1-1-0.dll
0x000002124e620000 - 0x000002124e623000 	C:\Program Files\Java\javafx-sdk-17.0.2\bin\api-ms-win-core-synch-l1-1-0.dll
0x000002124e630000 - 0x000002124e633000 	C:\Program Files\Java\javafx-sdk-17.0.2\bin\api-ms-win-core-synch-l1-2-0.dll
0x000002124e640000 - 0x000002124e643000 	C:\Program Files\Java\javafx-sdk-17.0.2\bin\api-ms-win-core-sysinfo-l1-1-0.dll
0x000002124e650000 - 0x000002124e653000 	C:\Program Files\Java\javafx-sdk-17.0.2\bin\api-ms-win-core-timezone-l1-1-0.dll
0x000002124e660000 - 0x000002124e663000 	C:\Program Files\Java\javafx-sdk-17.0.2\bin\api-ms-win-core-util-l1-1-0.dll
0x000002124e4d0000 - 0x000002124e4d3000 	C:\Program Files\Java\javafx-sdk-17.0.2\bin\api-ms-win-crt-conio-l1-1-0.dll
0x000002124e4e0000 - 0x000002124e4e4000 	C:\Program Files\Java\javafx-sdk-17.0.2\bin\api-ms-win-crt-convert-l1-1-0.dll
0x000002124e4f0000 - 0x000002124e4f3000 	C:\Program Files\Java\javafx-sdk-17.0.2\bin\api-ms-win-crt-environment-l1-1-0.dll
0x000002124e500000 - 0x000002124e503000 	C:\Program Files\Java\javafx-sdk-17.0.2\bin\api-ms-win-crt-filesystem-l1-1-0.dll
0x000002124e510000 - 0x000002124e513000 	C:\Program Files\Java\javafx-sdk-17.0.2\bin\api-ms-win-crt-heap-l1-1-0.dll
0x000002124e520000 - 0x000002124e523000 	C:\Program Files\Java\javafx-sdk-17.0.2\bin\api-ms-win-crt-locale-l1-1-0.dll
0x000002124e530000 - 0x000002124e535000 	C:\Program Files\Java\javafx-sdk-17.0.2\bin\api-ms-win-crt-math-l1-1-0.dll
0x000002124e540000 - 0x000002124e545000 	C:\Program Files\Java\javafx-sdk-17.0.2\bin\api-ms-win-crt-multibyte-l1-1-0.dll
0x000002124e550000 - 0x000002124e560000 	C:\Program Files\Java\javafx-sdk-17.0.2\bin\api-ms-win-crt-private-l1-1-0.dll
0x000002124e560000 - 0x000002124e563000 	C:\Program Files\Java\javafx-sdk-17.0.2\bin\api-ms-win-crt-process-l1-1-0.dll
0x000002124e570000 - 0x000002124e574000 	C:\Program Files\Java\javafx-sdk-17.0.2\bin\api-ms-win-crt-runtime-l1-1-0.dll
0x000002124e580000 - 0x000002124e584000 	C:\Program Files\Java\javafx-sdk-17.0.2\bin\api-ms-win-crt-stdio-l1-1-0.dll
0x000002124e590000 - 0x000002124e594000 	C:\Program Files\Java\javafx-sdk-17.0.2\bin\api-ms-win-crt-string-l1-1-0.dll
0x000002124e5a0000 - 0x000002124e5a3000 	C:\Program Files\Java\javafx-sdk-17.0.2\bin\api-ms-win-crt-time-l1-1-0.dll
0x000002124e5b0000 - 0x000002124e5b3000 	C:\Program Files\Java\javafx-sdk-17.0.2\bin\api-ms-win-crt-utility-l1-1-0.dll
0x00007ffc7cd60000 - 0x00007ffc7ce5c000 	C:\Program Files\Java\javafx-sdk-17.0.2\bin\ucrtbase.dll
0x00007ffca0670000 - 0x00007ffca068a000 	C:\Program Files\Java\javafx-sdk-17.0.2\bin\vcruntime140.dll
0x00007ffca5510000 - 0x00007ffca551c000 	C:\Program Files\Java\javafx-sdk-17.0.2\bin\vcruntime140_1.dll
0x00007ffc7c860000 - 0x00007ffc7c8ed000 	C:\Program Files\Java\javafx-sdk-17.0.2\bin\msvcp140.dll
0x00007ffca0290000 - 0x00007ffca02ba000 	C:\Program Files\Java\javafx-sdk-17.0.2\bin\prism_d3d.dll
0x00007ffcae520000 - 0x00007ffcae6ef000 	C:\WINDOWS\system32\d3d9.dll
0x00007ffcb7490000 - 0x00007ffcb74bf000 	C:\WINDOWS\SYSTEM32\dwmapi.dll
0x00007ffcb70a0000 - 0x00007ffcb713e000 	C:\WINDOWS\system32\uxtheme.dll
0x00007ffcb0400000 - 0x00007ffcb04b0000 	C:\WINDOWS\System32\DriverStore\FileRepository\nvmdi.inf_amd64_7ad37590e62d4afc\nvldumdx.dll
0x00007ffcb9340000 - 0x00007ffcb9352000 	C:\WINDOWS\SYSTEM32\msasn1.dll
0x00007ffcb0350000 - 0x00007ffcb0381000 	C:\WINDOWS\SYSTEM32\cryptnet.dll
0x00007ffcb97f0000 - 0x00007ffcb9946000 	C:\WINDOWS\System32\CRYPT32.dll
0x00007ffcb0200000 - 0x00007ffcb0348000 	C:\WINDOWS\SYSTEM32\drvstore.dll
0x00007ffcb9500000 - 0x00007ffcb952c000 	C:\WINDOWS\SYSTEM32\devobj.dll
0x00007ffcb9cc0000 - 0x00007ffcb9d0e000 	C:\WINDOWS\System32\cfgmgr32.dll
0x00007ffcb9120000 - 0x00007ffcb912c000 	C:\WINDOWS\SYSTEM32\cryptbase.dll
0x00007ffcb9bc0000 - 0x00007ffcb9c27000 	C:\WINDOWS\System32\WINTRUST.DLL
0x00007ffcba0c0000 - 0x00007ffcba0dd000 	C:\WINDOWS\System32\imagehlp.dll
0x00007ffcb9100000 - 0x00007ffcb9118000 	C:\WINDOWS\SYSTEM32\CRYPTSP.dll
0x00007ffcb8820000 - 0x00007ffcb8854000 	C:\WINDOWS\system32\rsaenh.dll
0x00007ffcb9b90000 - 0x00007ffcb9bb7000 	C:\WINDOWS\System32\bcrypt.dll
0x00007ffc1ecc0000 - 0x00007ffc20448000 	C:\WINDOWS\System32\DriverStore\FileRepository\nvmdi.inf_amd64_7ad37590e62d4afc\nvd3dumx.dll
0x00007ffc9df10000 - 0x00007ffc9df52000 	C:\Program Files\Java\javafx-sdk-17.0.2\bin\glass.dll
0x00007ffcbb140000 - 0x00007ffcbb21b000 	C:\WINDOWS\System32\COMDLG32.dll
0x00007ffcba5c0000 - 0x00007ffcba6ea000 	C:\WINDOWS\System32\ole32.dll
0x00007ffcba470000 - 0x00007ffcba53d000 	C:\WINDOWS\System32\OLEAUT32.dll
0x00007ffcbba60000 - 0x00007ffcbbb75000 	C:\WINDOWS\System32\MSCTF.dll
0x00007ffc310b0000 - 0x00007ffc31377000 	C:\WINDOWS\system32\nvspcap64.dll
0x00007ffcb8450000 - 0x00007ffcb8483000 	C:\WINDOWS\SYSTEM32\ntmarta.dll
0x00007ffcb8020000 - 0x00007ffcb8043000 	C:\WINDOWS\SYSTEM32\gpapi.dll
0x00007ffcb0fa0000 - 0x00007ffcb0fdb000 	C:\WINDOWS\SYSTEM32\dxcore.dll
0x00007ffc9e100000 - 0x00007ffc9e114000 	C:\Program Files\Java\javafx-sdk-17.0.2\bin\javafx_font.dll
0x00007ffc8c360000 - 0x00007ffc8c5df000 	C:\WINDOWS\SYSTEM32\dwrite.dll
0x00007ffcba8d0000 - 0x00007ffcba979000 	C:\WINDOWS\System32\clbcatq.dll
0x00007ffcb3560000 - 0x00007ffcb3714000 	C:\WINDOWS\SYSTEM32\WindowsCodecs.dll
0x00007ffc8c110000 - 0x00007ffc8c14e000 	C:\WINDOWS\system32\dataexchange.dll
0x00007ffcb6090000 - 0x00007ffcb62f3000 	C:\WINDOWS\system32\d3d11.dll
0x00007ffcb6300000 - 0x00007ffcb64e4000 	C:\WINDOWS\system32\dcomp.dll
0x00007ffcb8050000 - 0x00007ffcb8143000 	C:\WINDOWS\system32\dxgi.dll
0x00007ffcb3f90000 - 0x00007ffcb4190000 	C:\WINDOWS\system32\twinapi.appcore.dll

dbghelp: loaded successfully - version: 4.0.5 - missing functions: none
symbol engine: initialized successfully - sym options: 0x614 - pdb path: .;C:\Program Files\Java\jdk-17.0.2\bin;C:\WINDOWS\SYSTEM32;C:\WINDOWS\WinSxS\amd64_microsoft.windows.common-controls_6595b64144ccf1df_6.0.19041.1110_none_60b5254171f9507e;C:\Program Files\Java\jdk-17.0.2\bin\server;C:\Program Files\JetBrains\IntelliJ IDEA 2022.1\bin;C:\Program Files\Java\javafx-sdk-17.0.2\bin;C:\WINDOWS\System32\DriverStore\FileRepository\nvmdi.inf_amd64_7ad37590e62d4afc;C:\Program Files\Common Files\Microsoft Shared\Ink

VM Arguments:
jvm_args: --module-path=C:\Program Files\Java\javafx-sdk-17.0.2\lib --add-modules=javafx.controls -javaagent:C:\Program Files\JetBrains\IntelliJ IDEA 2022.1\lib\idea_rt.jar=63631:C:\Program Files\JetBrains\IntelliJ IDEA 2022.1\bin -Dfile.encoding=UTF-8 
java_command: pt.isec.pa.apoio_poe.Main
java_class_path (initial): D:\Desktop\Escola\ISEC\Licenciatura de Engenharia Informática\Cadeiras\2º Ano\2º Semestre\Programação Avançada\Trabalho Prático\TrabalhoPratico\target\classes;C:\Users\pedrojfmorais\.m2\repository\org\openjfx\javafx-controls\17.0.1\javafx-controls-17.0.1.jar;C:\Users\pedrojfmorais\.m2\repository\org\openjfx\javafx-controls\17.0.1\javafx-controls-17.0.1-win.jar;C:\Users\pedrojfmorais\.m2\repository\org\openjfx\javafx-graphics\17.0.1\javafx-graphics-17.0.1.jar;C:\Users\pedrojfmorais\.m2\repository\org\openjfx\javafx-graphics\17.0.1\javafx-graphics-17.0.1-win.jar;C:\Users\pedrojfmorais\.m2\repository\org\openjfx\javafx-base\17.0.1\javafx-base-17.0.1.jar;C:\Users\pedrojfmorais\.m2\repository\org\openjfx\javafx-base\17.0.1\javafx-base-17.0.1-win.jar;C:\Users\pedrojfmorais\.m2\repository\org\openjfx\javafx-media\17.0.1\javafx-media-17.0.1.jar;C:\Users\pedrojfmorais\.m2\repository\org\openjfx\javafx-media\17.0.1\javafx-media-17.0.1-win.jar
Launcher Type: SUN_STANDARD

[Global flags]
     intx CICompilerCount                          = 12                                        {product} {ergonomic}
     uint ConcGCThreads                            = 3                                         {product} {ergonomic}
     uint G1ConcRefinementThreads                  = 13                                        {product} {ergonomic}
   size_t G1HeapRegionSize                         = 4194304                                   {product} {ergonomic}
    uintx GCDrainStackTargetSize                   = 64                                        {product} {ergonomic}
   size_t InitialHeapSize                          = 536870912                                 {product} {ergonomic}
   size_t MarkStackSize                            = 4194304                                   {product} {ergonomic}
   size_t MaxHeapSize                              = 8577351680                                {product} {ergonomic}
   size_t MaxNewSize                               = 5146411008                                {product} {ergonomic}
   size_t MinHeapDeltaBytes                        = 4194304                                   {product} {ergonomic}
   size_t MinHeapSize                              = 8388608                                   {product} {ergonomic}
    uintx NonNMethodCodeHeapSize                   = 7602480                                {pd product} {ergonomic}
    uintx NonProfiledCodeHeapSize                  = 122027880                              {pd product} {ergonomic}
    uintx ProfiledCodeHeapSize                     = 122027880                              {pd product} {ergonomic}
    uintx ReservedCodeCacheSize                    = 251658240                              {pd product} {ergonomic}
     bool SegmentedCodeCache                       = true                                      {product} {ergonomic}
   size_t SoftMaxHeapSize                          = 8577351680                             {manageable} {ergonomic}
     bool UseCompressedClassPointers               = true                           {product lp64_product} {ergonomic}
     bool UseCompressedOops                        = true                           {product lp64_product} {ergonomic}
     bool UseG1GC                                  = true                                      {product} {ergonomic}
     bool UseLargePagesIndividualAllocation        = false                                  {pd product} {ergonomic}

Logging:
Log output configuration:
 #0: stdout all=warning uptime,level,tags
 #1: stderr all=off uptime,level,tags

Environment Variables:
CLASSPATH=C:\Program Files\Portugal Identity Card\
PATH=C:\Python310\Scripts\;C:\Python310\;C:\Program Files (x86)\VMware\VMware Player\bin\;C:\Program Files\Common Files\Oracle\Java\javapath;C:\Program Files (x86)\Common Files\Oracle\Java\javapath;C:\Windows\system32;C:\Windows;C:\Windows\System32\Wbem;C:\Windows\System32\WindowsPowerShell\v1.0\;C:\Windows\System32\OpenSSH\;C:\Program Files (x86)\NVIDIA Corporation\PhysX\Common;C:\Program Files\NVIDIA Corporation\NVIDIA NvDLISR;C:\WINDOWS\system32;C:\WINDOWS;C:\WINDOWS\System32\Wbem;C:\WINDOWS\System32\WindowsPowerShell\v1.0\;C:\WINDOWS\System32\OpenSSH\;C:\msys64\mingw64\bin;C:\Program Files\Portugal Identity Card\;C:\Program Files\MATLAB\R2022a\bin;C:\Program Files\dotnet\;C:\ProgramData\chocolatey\bin;C:\Program Files\nodejs\;C:\Program Files\Git\cmd;C:\Program Files (x86)\dotnet\;C:\Program Files\PowerShell\7\;C:\Users\pedrojfmorais\AppData\Local\Programs\Python\Python37\Scripts\;C:\Users\pedrojfmorais\AppData\Local\Programs\Python\Python37\;C:\Users\pedrojfmorais\AppData\Local\Microsoft\WindowsApps;C:\Program Files\mingw-w64\x86_64-8.1.0-posix-seh-rt_v6-rev0\mingw64\bin;C:\Users\pedrojfmorais\AppData\Local\Programs\Microsoft VS Code\bin;C:\Program Files\JetBrains\CLion 2021.2.2\bin;;C:\Program Files\JetBrains\IntelliJ IDEA Community Edition 2021.3.1\bin;;C:\Program Files\Java\jdk-17.0.2\bin;C:\Users\pedrojfmorais\.dotnet\tools;C:\Program Files\JetBrains\IntelliJ IDEA 2022.1\bin;;C:\Users\pedrojfmorais\AppData\Roaming\npm;C:\Program Files\JetBrains\PyCharm Community Edition 2022.1.1\bin;
USERNAME=Pedro
OS=Windows_NT
PROCESSOR_IDENTIFIER=AMD64 Family 23 Model 113 Stepping 0, AuthenticAMD



---------------  S Y S T E M  ---------------

OS:
 Windows 10 , 64 bit Build 19041 (10.0.19041.1741)
OS uptime: 0 days 13:11 hours

CPU: total 16 (initial active 16) (16 cores per cpu, 2 threads per core) family 23 model 113 stepping 0 microcode 0x0, cx8, cmov, fxsr, ht, mmx, 3dnowpref, sse, sse2, sse3, ssse3, sse4a, sse4.1, sse4.2, popcnt, lzcnt, tsc, tscinvbit, avx, avx2, aes, clmul, bmi1, bmi2, adx, sha, fma, vzeroupper, clflush, clflushopt

Memory: 4k page, system-wide physical 32713M (17725M free)
TotalPageFile size 37577M (AvailPageFile size 13170M)
current process WorkingSet (physical memory assigned to process): 179M, peak: 179M
current process commit charge ("private bytes"): 729M, peak: 729M

vm_info: Java HotSpot(TM) 64-Bit Server VM (17.0.2+8-LTS-86) for windows-amd64 JRE (17.0.2+8-LTS-86), built on Dec  7 2021 21:51:03 by "mach5one" with MS VC++ 16.8 / 16.9 (VS2019)

END.
